<?xml version="1.0" encoding="UTF-8"?>
<testng-results skipped="0" failed="0" total="1" passed="1">
  <reporter-output>
  </reporter-output>
  <suite name="Default suite" duration-ms="9007" started-at="2022-01-06T13:39:31Z" finished-at="2022-01-06T13:39:40Z">
    <groups>
    </groups>
    <test name="Default test" duration-ms="9007" started-at="2022-01-06T13:39:31Z" finished-at="2022-01-06T13:39:40Z">
      <class name="com.automationtest.scripts.LoginTest">
        <test-method status="PASS" signature="setUpSuite()[pri:0, instance:com.automationtest.scripts.LoginTest@2c8d66b2]" name="setUpSuite" is-config="true" duration-ms="493" started-at="2022-01-06T19:09:30Z" finished-at="2022-01-06T19:09:31Z">
          <reporter-output>
          </reporter-output>
        </test-method> <!-- setUpSuite -->
        <test-method status="PASS" signature="setup()[pri:0, instance:com.automationtest.scripts.LoginTest@2c8d66b2]" name="setup" is-config="true" duration-ms="4205" started-at="2022-01-06T19:09:31Z" finished-at="2022-01-06T19:09:35Z">
          <reporter-output>
          </reporter-output>
        </test-method> <!-- setup -->
        <test-method status="PASS" signature="loginapp()[pri:0, instance:com.automationtest.scripts.LoginTest@2c8d66b2]" name="loginapp" duration-ms="4500" started-at="2022-01-06T19:09:35Z" finished-at="2022-01-06T19:09:39Z">
          <reporter-output>
          </reporter-output>
        </test-method> <!-- loginapp -->
        <test-method status="PASS" signature="tearDownMethod(org.testng.ITestResult)[pri:0, instance:com.automationtest.scripts.LoginTest@2c8d66b2]" name="tearDownMethod" is-config="true" duration-ms="294" started-at="2022-01-06T19:09:39Z" finished-at="2022-01-06T19:09:40Z">
          <params>
            <param index="0">
              <value>
                <![CDATA[[TestResult name=loginapp status=SUCCESS method=LoginTest.loginapp()[pri:0, instance:com.automationtest.scripts.LoginTest@2c8d66b2] output={null}]]]>
              </value>
            </param>
          </params>
          <reporter-output>
          </reporter-output>
        </test-method> <!-- tearDownMethod -->
      </class> <!-- com.automationtest.scripts.LoginTest -->
    </test> <!-- Default test -->
  </suite> <!-- Default suite -->
</testng-results>
